<?xml version="1.0" encoding="UTF-8"?>
<testng-results ignored="0" total="1" passed="1" failed="0" skipped="0">
  <reporter-output>
  </reporter-output>
  <suite started-at="2022-10-03T09:58:45 IST" name="Default suite" finished-at="2022-10-03T09:58:54 IST" duration-ms="8636">
    <groups>
    </groups>
    <test started-at="2022-10-03T09:58:45 IST" name="Default test" finished-at="2022-10-03T09:58:54 IST" duration-ms="8636">
      <class name="Order">
        <test-method signature="odr(java.lang.String,java.lang.String,java.lang.String,java.lang.String,java.lang.String,java.lang.String,java.lang.String,java.lang.String,java.lang.String,java.lang.String,java.lang.String)[pri:0, instance:Order@23c30a20]" started-at="2022-10-03T09:58:45 IST" name="odr" data-provider="Order" finished-at="2022-10-03T09:58:54 IST" duration-ms="8530" status="PASS">
          <params>
            <param index="0">
              <value>
                <![CDATA[Edward]]>
              </value>
            </param>
            <param index="1">
              <value>
                <![CDATA[Livingston]]>
              </value>
            </param>
            <param index="2">
              <value>
                <![CDATA[edward@gmail.com]]>
              </value>
            </param>
            <param index="3">
              <value>
                <![CDATA[edv123]]>
              </value>
            </param>
            <param index="4">
              <value>
                <![CDATA[9877665533]]>
              </value>
            </param>
            <param index="5">
              <value>
                <![CDATA[streat]]>
              </value>
            </param>
            <param index="6">
              <value>
                <![CDATA[street2]]>
              </value>
            </param>
            <param index="7">
              <value>
                <![CDATA[banglore]]>
              </value>
            </param>
            <param index="8">
              <value>
                <![CDATA[12345]]>
              </value>
            </param>
            <param index="9">
              <value>
                <![CDATA[2]]>
              </value>
            </param>
            <param index="10">
              <value>
                <![CDATA[2]]>
              </value>
            </param>
          </params>
          <reporter-output>
          </reporter-output>
        </test-method> <!-- odr -->
      </class> <!-- Order -->
    </test> <!-- Default test -->
  </suite> <!-- Default suite -->
</testng-results>
